[2012-12-27 09:40:41] START
[2012-12-27 09:44:17] EDIT sms_chimp/models/db.py: 0
[2012-12-27 09:44:27] DELETE sms_chimp/models/menu.py: -117
[2012-12-27 09:46:23] EDIT sms_chimp/models/db.py: 0
[2012-12-27 09:46:28] EDIT sms_chimp/models/db.py: 0
[2012-12-27 09:47:36] CREATE groups.py: 0
[2012-12-27 09:47:49] CREATE contacts.py: 0
[2012-12-27 09:49:56] EDIT sms_chimp/models/groups.py: 1
[2012-12-27 09:50:51] EDIT sms_chimp/models/groups.py: 1
[2012-12-27 09:50:51] EDIT sms_chimp/models/groups.py: 0
[2012-12-27 09:50:51] EDIT sms_chimp/models/groups.py: 0
[2012-12-27 09:50:52] EDIT sms_chimp/models/groups.py: 0
[2012-12-27 09:50:54] EDIT sms_chimp/models/groups.py: 0
[2012-12-27 09:50:56] EDIT sms_chimp/models/groups.py: 0
[2012-12-27 09:53:18] EDIT sms_chimp/models/contacts.py: 2
[2012-12-27 09:57:00] EDIT sms_chimp/models/contacts.py: -1
[2012-12-27 09:57:14] EDIT sms_chimp/models/groups.py: 0
[2012-12-27 09:59:29] CREATE meny.py: 0
[2012-12-27 09:59:38] EDIT sms_chimp/models/meny.py: 117
[2012-12-27 10:00:11] EDIT sms_chimp/models/db.py: 2
[2012-12-27 10:00:20] DELETE sms_chimp/models/groups.py: -2
[2012-12-27 10:00:59] EDIT sms_chimp/models/db.py: 5
[2012-12-27 10:01:14] DELETE sms_chimp/models/contacts.py: -1
[2012-12-27 10:02:09] EDIT sms_chimp/models/db.py: 0
[2012-12-27 10:02:14] EDIT sms_chimp/models/db.py: 1
[2012-12-27 10:02:23] EDIT sms_chimp/models/db.py: -1
[2012-12-27 10:02:44] EDIT sms_chimp/models/db.py: 0
[2012-12-27 10:02:45] EDIT sms_chimp/models/db.py: 0
[2012-12-27 10:02:46] EDIT sms_chimp/models/db.py: 0
[2012-12-27 10:02:47] EDIT sms_chimp/models/db.py: 0
[2012-12-27 10:02:47] EDIT sms_chimp/models/db.py: 0
[2012-12-27 10:02:48] EDIT sms_chimp/models/db.py: 0
[2012-12-27 10:02:49] EDIT sms_chimp/models/db.py: 0
[2012-12-27 10:02:49] EDIT sms_chimp/models/db.py: 0
[2012-12-27 10:02:49] EDIT sms_chimp/models/db.py: 0
[2012-12-27 10:03:26] EDIT sms_chimp/models/db.py: 0
[2012-12-27 10:03:48] EDIT sms_chimp/models/db.py: 0
[2012-12-27 10:05:09] EDIT sms_chimp/models/db.py: 0
[2012-12-27 10:05:51] EDIT sms_chimp/models/db.py: 0
[2012-12-27 10:07:19] EDIT sms_chimp/models/db.py: 0
[2012-12-27 10:10:25] EDIT sms_chimp/models/db.py: 0
[2012-12-27 10:14:48] EDIT sms_chimp/models/meny.py: 0
[2012-12-27 10:17:51] EDIT sms_chimp/models/meny.py: 0
[2012-12-27 10:18:28] EDIT sms_chimp/models/meny.py: 0
[2012-12-27 10:18:52] EDIT sms_chimp/models/meny.py: 0
[2012-12-27 10:19:33] EDIT sms_chimp/models/meny.py: 0
[2012-12-27 10:20:56] EDIT sms_chimp/models/meny.py: 1
[2012-12-27 10:21:43] EDIT sms_chimp/models/meny.py: 0
[2012-12-27 10:21:46] EDIT sms_chimp/models/meny.py: 0
[2012-12-27 10:22:06] EDIT sms_chimp/models/meny.py: 0
[2012-12-27 10:41:23] EDIT sms_chimp/models/meny.py: 0
[2012-12-27 10:43:42] EDIT sms_chimp/controllers/default.py: -1
[2012-12-27 10:43:42] EDIT sms_chimp/controllers/default.py: 0
[2012-12-27 10:44:05] EDIT sms_chimp/controllers/default.py: 1
[2012-12-27 10:44:50] EDIT sms_chimp/controllers/default.py: 1
[2012-12-27 10:45:29] CREATE default/contact_management.html: 0
[2012-12-27 10:45:48] EDIT sms_chimp/views/default/contact_management.html: -1
[2012-12-27 10:46:03] EDIT sms_chimp/controllers/default.py: 0
[2012-12-27 10:46:19] EDIT sms_chimp/views/default/contact_management.html: 0
[2012-12-27 10:48:44] EDIT sms_chimp/controllers/default.py: 0
[2012-12-27 10:56:16] EDIT sms_chimp/models/db.py: 0
[2012-12-27 10:59:37] EDIT sms_chimp/controllers/default.py: 1
[2012-12-27 10:59:51] EDIT sms_chimp/controllers/default.py: 1
[2012-12-27 10:59:53] EDIT sms_chimp/controllers/default.py: 0
[2012-12-27 10:59:56] EDIT sms_chimp/controllers/default.py: 0
[2012-12-27 11:00:06] EDIT sms_chimp/controllers/default.py: 0
[2012-12-27 11:00:09] EDIT sms_chimp/controllers/default.py: 0
[2012-12-27 11:00:26] EDIT sms_chimp/controllers/default.py: 1
[2012-12-27 11:12:05] EDIT sms_chimp/models/db.py: 1
[2012-12-27 11:13:58] EDIT sms_chimp/controllers/default.py: 2
[2012-12-27 11:16:47] EDIT sms_chimp/models/db.py: 3
[2012-12-27 11:22:17] EDIT sms_chimp/controllers/default.py: 6
[2012-12-27 11:22:50] EDIT sms_chimp/controllers/default.py: 0
[2012-12-27 11:23:02] EDIT sms_chimp/controllers/default.py: 0
[2012-12-27 11:23:54] EDIT sms_chimp/controllers/default.py: 1
[2012-12-27 11:25:32] EDIT sms_chimp/controllers/default.py: 1
[2012-12-27 11:25:53] EDIT sms_chimp/controllers/default.py: 0
[2012-12-27 11:25:57] EDIT sms_chimp/controllers/default.py: 0
[2012-12-27 11:28:44] EDIT sms_chimp/controllers/default.py: 1
[2012-12-27 11:29:54] EDIT sms_chimp/controllers/default.py: 4
[2012-12-27 11:31:01] EDIT sms_chimp/controllers/default.py: 0
[2012-12-27 11:34:24] EDIT sms_chimp/controllers/default.py: 0
[2012-12-27 11:39:10] EDIT sms_chimp/controllers/default.py: 5
[2012-12-27 11:42:42] EDIT sms_chimp/controllers/default.py: 1
[2012-12-27 11:43:03] EDIT sms_chimp/controllers/default.py: 0
[2012-12-27 11:43:03] EDIT sms_chimp/controllers/default.py: 0
[2012-12-27 11:43:03] EDIT sms_chimp/controllers/default.py: 0
[2012-12-27 11:43:03] EDIT sms_chimp/controllers/default.py: 0
[2012-12-27 11:43:29] EDIT sms_chimp/views/default/contact_management.html: 2
[2012-12-27 11:43:29] EDIT sms_chimp/views/default/contact_management.html: 0
[2012-12-27 11:45:07] EDIT sms_chimp/models/db.py: 0
[2012-12-27 11:46:03] EDIT sms_chimp/controllers/default.py: 1
[2012-12-27 11:48:16] EDIT sms_chimp/controllers/default.py: 1
[2012-12-27 11:48:19] EDIT sms_chimp/controllers/default.py: 0
[2012-12-27 11:48:20] EDIT sms_chimp/controllers/default.py: 0
[2012-12-27 11:48:20] EDIT sms_chimp/controllers/default.py: 0
[2012-12-27 11:48:20] EDIT sms_chimp/controllers/default.py: 0
[2012-12-27 11:48:20] EDIT sms_chimp/controllers/default.py: 0
[2012-12-27 12:28:46] EDIT sms_chimp/controllers/default.py: 0
[2012-12-27 12:31:12] EDIT sms_chimp/controllers/default.py: 0
[2012-12-27 12:34:57] EDIT sms_chimp/controllers/default.py: 0
[2012-12-27 12:36:16] EDIT sms_chimp/controllers/default.py: 0
[2012-12-27 12:38:49] EDIT sms_chimp/controllers/default.py: 0
[2012-12-27 12:38:58] EDIT sms_chimp/controllers/default.py: 0
[2012-12-27 12:40:25] EDIT sms_chimp/controllers/default.py: 0
[2012-12-27 12:40:43] EDIT sms_chimp/controllers/default.py: 0
[2012-12-27 12:40:54] EDIT sms_chimp/controllers/default.py: 0
[2012-12-27 12:41:44] EDIT sms_chimp/controllers/default.py: 0
[2012-12-27 12:42:14] EDIT sms_chimp/controllers/default.py: 3
[2012-12-27 12:42:24] EDIT sms_chimp/controllers/default.py: -1
[2012-12-27 12:42:26] EDIT sms_chimp/controllers/default.py: 0
[2012-12-27 12:43:11] EDIT sms_chimp/controllers/default.py: 2
[2012-12-27 12:43:37] EDIT sms_chimp/controllers/default.py: 3
[2012-12-27 12:44:07] EDIT sms_chimp/controllers/default.py: -1
[2012-12-27 12:45:57] EDIT sms_chimp/controllers/default.py: -1
[2012-12-27 12:47:54] EDIT sms_chimp/controllers/default.py: 0
[2012-12-27 12:48:44] EDIT sms_chimp/controllers/default.py: 0
[2012-12-27 12:48:47] EDIT sms_chimp/controllers/default.py: 0
[2012-12-27 12:49:12] EDIT sms_chimp/controllers/default.py: 0
[2012-12-27 12:50:31] EDIT sms_chimp/models/db.py: 1
[2012-12-27 12:50:43] EDIT sms_chimp/models/db.py: 0
[2012-12-27 12:50:59] EDIT sms_chimp/controllers/default.py: 0
[2012-12-27 12:51:13] EDIT sms_chimp/controllers/default.py: 0
[2012-12-27 12:55:48] EDIT sms_chimp/models/db.py: -1
[2012-12-27 13:05:58] EDIT sms_chimp/controllers/default.py: 0
[2012-12-27 13:06:08] EDIT sms_chimp/controllers/default.py: -2
[2012-12-27 13:06:09] EDIT sms_chimp/controllers/default.py: 0
[2012-12-27 13:06:09] EDIT sms_chimp/controllers/default.py: 0
[2012-12-27 13:06:10] EDIT sms_chimp/controllers/default.py: 0
[2012-12-27 13:06:10] EDIT sms_chimp/controllers/default.py: 0
[2012-12-27 13:08:47] EDIT sms_chimp/controllers/default.py: 0
[2012-12-27 13:08:47] EDIT sms_chimp/controllers/default.py: 0
[2012-12-27 13:09:24] EDIT sms_chimp/controllers/default.py: 0
[2012-12-27 13:11:44] EDIT sms_chimp/controllers/default.py: 1
[2012-12-27 13:16:10] EDIT sms_chimp/controllers/default.py: 0
[2012-12-27 13:16:45] EDIT sms_chimp/controllers/default.py: 0
[2012-12-27 13:18:01] EDIT sms_chimp/controllers/default.py: 0
[2012-12-27 13:22:22] EDIT sms_chimp/controllers/default.py: 0
[2012-12-27 13:22:41] EDIT sms_chimp/controllers/default.py: 0
[2012-12-27 13:22:51] EDIT sms_chimp/controllers/default.py: 0
[2012-12-27 13:23:21] EDIT sms_chimp/controllers/default.py: 0
[2012-12-27 13:23:25] EDIT sms_chimp/controllers/default.py: 0
[2012-12-27 13:24:05] EDIT sms_chimp/controllers/default.py: 0
[2012-12-27 13:24:55] EDIT sms_chimp/controllers/default.py: 0
[2012-12-27 13:24:55] EDIT sms_chimp/controllers/default.py: 0
[2012-12-27 13:25:20] EDIT sms_chimp/controllers/default.py: 0
[2012-12-27 13:25:41] EDIT sms_chimp/controllers/default.py: 0
[2012-12-27 13:25:57] EDIT sms_chimp/controllers/default.py: 0
[2012-12-27 13:26:17] EDIT sms_chimp/controllers/default.py: 0
[2012-12-27 13:28:07] EDIT sms_chimp/controllers/default.py: -2
[2012-12-27 13:28:27] EDIT sms_chimp/controllers/default.py: 0
[2012-12-27 13:29:07] EDIT sms_chimp/controllers/default.py: 0
[2012-12-27 13:33:52] EDIT sms_chimp/controllers/default.py: 0
[2012-12-27 13:34:56] EDIT sms_chimp/controllers/default.py: 2
[2012-12-27 13:35:00] EDIT sms_chimp/controllers/default.py: 0
[2012-12-27 13:35:03] EDIT sms_chimp/controllers/default.py: 0
[2012-12-27 13:35:44] EDIT sms_chimp/controllers/default.py: 0
[2012-12-27 13:36:08] EDIT sms_chimp/controllers/default.py: -2
[2012-12-27 13:37:01] EDIT sms_chimp/controllers/default.py: 0
[2012-12-27 13:41:57] EDIT sms_chimp/controllers/default.py: 0
[2012-12-27 13:43:50] EDIT sms_chimp/controllers/default.py: 0
[2012-12-27 13:46:06] EDIT sms_chimp/views/default/contact_management.html: 2
[2012-12-27 13:46:28] EDIT sms_chimp/views/default/contact_management.html: 2
[2012-12-27 13:47:45] EDIT sms_chimp/controllers/default.py: 0
[2012-12-27 13:52:38] EDIT sms_chimp/views/default/contact_management.html: 20
[2012-12-27 13:53:06] EDIT sms_chimp/views/default/contact_management.html: 0
[2012-12-27 13:53:33] EDIT sms_chimp/views/default/contact_management.html: 0
[2012-12-27 13:53:43] EDIT sms_chimp/views/default/contact_management.html: -13
[2012-12-27 13:54:45] EDIT sms_chimp/controllers/default.py: 1
[2012-12-27 13:54:48] EDIT sms_chimp/controllers/default.py: 0
[2012-12-27 13:55:00] EDIT sms_chimp/controllers/default.py: 0
[2012-12-27 13:56:12] EDIT sms_chimp/controllers/default.py: 0
[2012-12-27 13:56:30] EDIT sms_chimp/views/default/contact_management.html: 0
[2012-12-27 13:56:34] EDIT sms_chimp/views/default/contact_management.html: 0
[2012-12-27 13:57:01] EDIT sms_chimp/controllers/default.py: 0
[2012-12-27 13:57:43] EDIT sms_chimp/controllers/default.py: 0
[2012-12-27 13:57:50] EDIT sms_chimp/views/default/contact_management.html: 0
[2012-12-27 14:01:39] EDIT sms_chimp/controllers/default.py: 1
[2012-12-27 14:10:34] EDIT sms_chimp/controllers/default.py: 3
[2012-12-27 14:11:54] EDIT sms_chimp/controllers/default.py: -1
[2012-12-27 14:11:55] EDIT sms_chimp/controllers/default.py: 0
[2012-12-27 14:12:13] EDIT sms_chimp/controllers/default.py: 0
[2012-12-27 14:12:36] EDIT sms_chimp/views/default/contact_management.html: 2
[2012-12-27 14:12:38] EDIT sms_chimp/views/default/contact_management.html: 0
[2012-12-27 14:12:38] EDIT sms_chimp/views/default/contact_management.html: 0
[2012-12-27 14:12:38] EDIT sms_chimp/views/default/contact_management.html: 0
[2012-12-27 14:13:24] EDIT sms_chimp/views/default/contact_management.html: 4
[2012-12-27 14:14:09] EDIT sms_chimp/views/default/contact_management.html: 0
[2012-12-27 14:15:09] EDIT sms_chimp/views/default/contact_management.html: 8
[2012-12-27 14:22:39] EDIT sms_chimp/views/default/contact_management.html: 1
[2012-12-27 14:22:40] EDIT sms_chimp/views/default/contact_management.html: 0
[2012-12-27 14:22:48] EDIT sms_chimp/views/default/contact_management.html: 0
[2012-12-27 14:23:22] EDIT sms_chimp/views/default/contact_management.html: 0
[2012-12-27 14:23:54] CREATE contact.js: 0
[2012-12-27 14:24:54] EDIT sms_chimp/static/contact.js: 2
[2012-12-27 14:25:03] EDIT sms_chimp/static/contact.js: 0
[2012-12-27 14:26:08] EDIT sms_chimp/static/contact.js: 5
[2012-12-27 14:26:12] EDIT sms_chimp/static/contact.js: 0
[2012-12-27 14:26:12] EDIT sms_chimp/static/contact.js: 0
[2012-12-27 14:26:26] EDIT sms_chimp/static/contact.js: 1
[2012-12-27 14:26:28] EDIT sms_chimp/static/contact.js: 0
[2012-12-27 14:26:47] EDIT sms_chimp/static/contact.js: 0
[2012-12-27 14:28:01] EDIT sms_chimp/views/default/contact_management.html: 0
[2012-12-27 14:31:01] EDIT sms_chimp/static/contact.js: 7
[2012-12-27 14:31:03] EDIT sms_chimp/static/contact.js: 0
[2012-12-27 14:31:07] EDIT sms_chimp/static/contact.js: 1
[2012-12-27 14:32:24] EDIT sms_chimp/static/contact.js: 0
[2012-12-27 14:35:29] EDIT sms_chimp/static/contact.js: 5
[2012-12-27 14:35:48] EDIT sms_chimp/static/contact.js: 1
[2012-12-27 14:36:57] EDIT sms_chimp/views/default/contact_management.html: 0
[2012-12-27 14:38:11] EDIT sms_chimp/views/default/contact_management.html: 0
[2012-12-27 14:38:37] EDIT sms_chimp/views/default/contact_management.html: 0
[2012-12-27 14:39:07] EDIT sms_chimp/views/default/contact_management.html: 0
[2012-12-27 14:39:15] EDIT sms_chimp/views/default/contact_management.html: 0
[2012-12-27 14:39:22] EDIT sms_chimp/views/default/contact_management.html: 0
[2012-12-27 14:39:37] EDIT sms_chimp/static/contact.js: 1
[2012-12-27 14:39:42] EDIT sms_chimp/static/contact.js: 0
[2012-12-27 14:40:04] EDIT sms_chimp/static/contact.js: 0
[2012-12-27 14:41:18] EDIT sms_chimp/views/web2py_ajax.html: 1
[2012-12-27 14:42:32] CREATE js/contact.js: 0
[2012-12-27 14:42:34] EDIT sms_chimp/static/js/contact.js: 23
[2012-12-27 14:42:47] DELETE sms_chimp/static/contact.js: -23
[2012-12-27 14:42:51] DELETE sms_chimp/static/contact.js.bak: -23
[2012-12-27 14:43:10] EDIT sms_chimp/views/web2py_ajax.html: 0
[2012-12-27 14:44:02] EDIT sms_chimp/static/js/contact.js: -1
[2012-12-27 14:46:31] EDIT sms_chimp/controllers/default.py: 1
[2012-12-27 14:47:28] EDIT sms_chimp/controllers/default.py: 0
[2012-12-27 14:48:20] EDIT sms_chimp/controllers/default.py: 0
[2012-12-27 14:48:44] EDIT sms_chimp/views/default/contact_management.html: 0
[2012-12-27 14:49:28] EDIT sms_chimp/controllers/default.py: 0
[2012-12-27 14:50:21] EDIT sms_chimp/controllers/default.py: 3
[2012-12-27 14:53:17] EDIT sms_chimp/controllers/default.py: 0
[2012-12-27 14:53:59] EDIT sms_chimp/controllers/default.py: -1
[2012-12-27 14:54:28] EDIT sms_chimp/controllers/default.py: 0
[2012-12-27 14:56:47] EDIT sms_chimp/static/js/contact.js: 0
[2012-12-27 14:57:11] EDIT sms_chimp/controllers/default.py: 0
[2012-12-27 14:58:18] EDIT sms_chimp/controllers/default.py: -3
[2012-12-27 14:59:14] EDIT sms_chimp/controllers/default.py: 0
[2012-12-27 14:59:43] EDIT sms_chimp/controllers/default.py: 0
[2012-12-27 15:00:11] EDIT sms_chimp/controllers/default.py: 1
[2012-12-27 15:00:19] EDIT sms_chimp/controllers/default.py: -1
[2012-12-27 15:00:27] EDIT sms_chimp/controllers/default.py: 0
[2012-12-27 15:01:37] EDIT sms_chimp/controllers/default.py: 1
[2012-12-27 15:01:42] EDIT sms_chimp/controllers/default.py: 0
[2012-12-27 15:01:50] EDIT sms_chimp/controllers/default.py: 0
[2012-12-27 15:02:37] EDIT sms_chimp/controllers/default.py: 0
[2012-12-27 15:02:48] EDIT sms_chimp/controllers/default.py: 0
[2012-12-27 15:03:55] EDIT sms_chimp/controllers/default.py: 0
[2012-12-27 15:04:01] EDIT sms_chimp/controllers/default.py: -1
[2012-12-27 15:04:52] EDIT sms_chimp/controllers/default.py: 0
[2012-12-27 15:04:56] EDIT sms_chimp/controllers/default.py: 0
[2012-12-27 15:05:17] EDIT sms_chimp/controllers/default.py: 0
[2012-12-27 15:08:05] EDIT sms_chimp/controllers/default.py: 0
[2012-12-27 15:08:13] EDIT sms_chimp/controllers/default.py: 0
[2012-12-27 15:08:58] EDIT sms_chimp/static/js/contact.js: 0
[2012-12-27 15:09:16] EDIT sms_chimp/static/js/contact.js: 0
[2012-12-27 15:09:16] EDIT sms_chimp/static/js/contact.js: 0
[2012-12-27 15:10:39] EDIT sms_chimp/static/js/contact.js: 0
[2012-12-27 15:14:36] EDIT sms_chimp/static/js/contact.js: 1
[2012-12-27 15:14:36] EDIT sms_chimp/static/js/contact.js: 0
[2012-12-27 15:15:04] EDIT sms_chimp/static/js/contact.js: 0
[2012-12-27 15:16:08] EDIT sms_chimp/views/default/contact_management.html: 0
[2012-12-27 15:16:46] EDIT sms_chimp/views/default/contact_management.html: 0
[2012-12-27 15:17:07] EDIT sms_chimp/views/default/contact_management.html: 0
[2012-12-27 15:17:34] EDIT sms_chimp/views/default/contact_management.html: 1
[2012-12-27 15:18:43] EDIT sms_chimp/views/default/contact_management.html: 1
[2012-12-27 15:56:11] EDIT sms_chimp/views/default/contact_management.html: 0
[2012-12-27 16:24:47] EDIT sms_chimp/views/default/contact_management.html: 1
[2012-12-27 16:25:10] EDIT sms_chimp/static/js/contact.js: 1
[2012-12-27 16:25:13] EDIT sms_chimp/static/js/contact.js: 0
[2012-12-27 16:27:59] EDIT sms_chimp/static/js/contact.js: 0
[2012-12-27 16:28:21] EDIT sms_chimp/static/js/contact.js: 0
[2012-12-27 16:28:45] EDIT sms_chimp/static/js/contact.js: 0
[2012-12-27 16:29:47] EDIT sms_chimp/static/js/contact.js: 0
[2012-12-27 16:29:57] EDIT sms_chimp/static/js/contact.js: 0
[2012-12-27 16:30:00] EDIT sms_chimp/static/js/contact.js: 0
[2012-12-27 16:30:02] EDIT sms_chimp/static/js/contact.js: 0
[2012-12-27 16:30:04] EDIT sms_chimp/static/js/contact.js: 0
[2012-12-27 16:30:34] EDIT sms_chimp/static/js/contact.js: 0
[2012-12-27 16:30:55] EDIT sms_chimp/static/js/contact.js: 0
[2012-12-27 16:34:12] EDIT sms_chimp/static/js/contact.js: 0
[2012-12-27 16:34:55] EDIT sms_chimp/static/js/contact.js: 0
[2012-12-27 16:35:26] EDIT sms_chimp/static/js/contact.js: 0
[2012-12-27 16:35:41] EDIT sms_chimp/static/js/contact.js: 0
[2012-12-27 16:35:49] EDIT sms_chimp/static/js/contact.js: 0
[2012-12-27 16:36:06] EDIT sms_chimp/static/js/contact.js: 0
[2012-12-27 16:36:28] EDIT sms_chimp/views/default/contact_management.html: 0
[2012-12-27 16:36:39] EDIT sms_chimp/static/js/contact.js: 0
[2012-12-27 16:36:55] EDIT sms_chimp/static/js/contact.js: 0
[2012-12-27 16:37:14] EDIT sms_chimp/static/js/contact.js: 0
[2012-12-27 16:41:23] EDIT sms_chimp/static/js/contact.js: 4
[2012-12-27 16:41:40] EDIT sms_chimp/static/js/contact.js: 2
[2012-12-27 16:42:42] EDIT sms_chimp/static/js/contact.js: 0
[2012-12-27 16:43:45] EDIT sms_chimp/static/js/contact.js: 6
[2012-12-27 16:43:58] EDIT sms_chimp/static/js/contact.js: 0
[2012-12-27 16:44:07] EDIT sms_chimp/static/js/contact.js: 0
[2012-12-27 16:44:14] EDIT sms_chimp/static/js/contact.js: 2
[2012-12-27 16:44:45] EDIT sms_chimp/static/js/contact.js: 0
[2012-12-27 16:47:13] EDIT sms_chimp/static/js/contact.js: 0
[2012-12-27 16:48:14] EDIT sms_chimp/static/js/contact.js: 0
[2012-12-27 16:48:30] EDIT sms_chimp/static/js/contact.js: 0
[2012-12-27 16:48:44] EDIT sms_chimp/static/js/contact.js: 0
[2012-12-27 16:49:22] EDIT sms_chimp/static/js/contact.js: 0
[2012-12-27 16:50:28] EDIT sms_chimp/static/js/contact.js: 0
[2012-12-27 16:54:49] EDIT sms_chimp/static/js/contact.js: 12
[2012-12-27 16:55:13] EDIT sms_chimp/static/js/contact.js: 0
[2012-12-27 16:55:18] EDIT sms_chimp/static/js/contact.js: 0
[2012-12-27 16:55:22] EDIT sms_chimp/static/js/contact.js: 0
[2012-12-27 16:55:26] EDIT sms_chimp/static/js/contact.js: 0
[2012-12-27 16:55:29] EDIT sms_chimp/static/js/contact.js: 0
[2012-12-27 16:55:33] EDIT sms_chimp/static/js/contact.js: 0
[2012-12-27 16:55:36] EDIT sms_chimp/static/js/contact.js: 0
[2012-12-27 16:55:36] EDIT sms_chimp/static/js/contact.js: 0
[2012-12-27 16:56:24] EDIT sms_chimp/static/js/contact.js: 4
[2012-12-27 16:57:11] EDIT sms_chimp/static/js/contact.js: 1
[2012-12-27 16:57:42] EDIT sms_chimp/static/js/contact.js: 2
[2012-12-27 16:57:42] EDIT sms_chimp/static/js/contact.js: 0
[2012-12-27 16:58:23] EDIT sms_chimp/static/js/contact.js: 0
[2012-12-27 16:58:27] EDIT sms_chimp/static/js/contact.js: 0
[2012-12-27 16:58:34] EDIT sms_chimp/static/js/contact.js: 0
[2012-12-27 16:58:53] EDIT sms_chimp/static/js/contact.js: 0
[2012-12-27 16:58:53] EDIT sms_chimp/static/js/contact.js: 0
[2012-12-27 16:59:10] EDIT sms_chimp/static/js/contact.js: 1
[2012-12-27 16:59:15] EDIT sms_chimp/static/js/contact.js: 0
[2012-12-27 16:59:22] EDIT sms_chimp/static/js/contact.js: 0
[2012-12-27 16:59:30] EDIT sms_chimp/static/js/contact.js: 0
[2012-12-27 16:59:48] EDIT sms_chimp/static/js/contact.js: 0
[2012-12-27 16:59:51] EDIT sms_chimp/static/js/contact.js: 0
[2012-12-27 16:59:51] EDIT sms_chimp/static/js/contact.js: 0
[2012-12-27 17:00:08] EDIT sms_chimp/static/js/contact.js: 0
[2012-12-27 17:02:09] EDIT sms_chimp/static/js/contact.js: 0
[2012-12-27 17:02:53] EDIT sms_chimp/static/js/contact.js: 0
[2012-12-27 17:03:08] EDIT sms_chimp/static/js/contact.js: 0
[2012-12-27 17:03:15] EDIT sms_chimp/static/js/contact.js: 0
[2012-12-27 17:03:42] EDIT sms_chimp/static/js/contact.js: 2
[2012-12-27 17:05:41] EDIT sms_chimp/static/js/contact.js: 11
[2012-12-27 17:07:59] EDIT sms_chimp/static/js/contact.js: 13
[2012-12-27 17:09:10] EDIT sms_chimp/static/js/contact.js: 11
[2012-12-27 17:09:42] EDIT sms_chimp/static/js/contact.js: 0
[2012-12-27 17:10:03] EDIT sms_chimp/static/js/contact.js: -21
[2012-12-27 17:10:13] EDIT sms_chimp/static/js/contact.js: 1
[2012-12-27 17:12:44] EDIT sms_chimp/static/js/contact.js: 2
[2012-12-27 17:12:45] EDIT sms_chimp/static/js/contact.js: 0
[2012-12-27 17:13:28] EDIT sms_chimp/static/js/contact.js: 8
[2012-12-27 17:15:36] EDIT sms_chimp/static/js/contact.js: 0
[2012-12-27 17:15:49] EDIT sms_chimp/static/js/contact.js: 0
[2012-12-27 17:16:02] EDIT sms_chimp/static/js/contact.js: 0
[2012-12-27 17:16:13] EDIT sms_chimp/static/js/contact.js: 0
[2012-12-27 17:16:23] EDIT sms_chimp/static/js/contact.js: 0
[2012-12-27 17:17:10] EDIT sms_chimp/static/js/contact.js: 10
[2012-12-27 17:18:24] EDIT sms_chimp/static/js/contact.js: 2
[2012-12-27 17:18:42] EDIT sms_chimp/static/js/contact.js: 1
[2012-12-27 17:22:49] EDIT sms_chimp/static/js/contact.js: 3
[2012-12-27 17:23:12] EDIT sms_chimp/static/js/contact.js: 4
[2012-12-27 17:23:24] EDIT sms_chimp/static/js/contact.js: 0
[2012-12-27 17:23:42] EDIT sms_chimp/static/js/contact.js: 0
[2012-12-27 17:23:45] EDIT sms_chimp/static/js/contact.js: 0
[2012-12-27 17:23:47] EDIT sms_chimp/static/js/contact.js: 0
[2012-12-27 17:23:50] EDIT sms_chimp/static/js/contact.js: 0
[2012-12-27 17:23:50] EDIT sms_chimp/static/js/contact.js: 0
[2012-12-27 17:23:50] EDIT sms_chimp/static/js/contact.js: 0
[2012-12-27 17:23:55] EDIT sms_chimp/static/js/contact.js: 1
[2012-12-27 17:24:04] EDIT sms_chimp/static/js/contact.js: 2
[2012-12-27 17:24:11] EDIT sms_chimp/static/js/contact.js: 0
[2012-12-27 17:24:13] EDIT sms_chimp/static/js/contact.js: 0
[2012-12-27 17:24:17] EDIT sms_chimp/static/js/contact.js: 0
[2012-12-27 17:24:26] EDIT sms_chimp/static/js/contact.js: 0
[2012-12-27 17:26:06] EDIT sms_chimp/static/js/contact.js: 0
[2012-12-27 17:27:12] EDIT sms_chimp/static/js/contact.js: 0
[2012-12-27 17:27:26] EDIT sms_chimp/static/js/contact.js: 0
[2012-12-27 17:27:53] EDIT sms_chimp/static/js/contact.js: 0
[2012-12-27 17:28:07] EDIT sms_chimp/static/js/contact.js: 0
[2012-12-27 17:28:19] EDIT sms_chimp/static/js/contact.js: 0
[2012-12-27 17:29:26] EDIT sms_chimp/static/js/contact.js: 0
[2012-12-27 17:29:43] EDIT sms_chimp/static/js/contact.js: 0
[2012-12-27 17:30:15] EDIT sms_chimp/static/js/contact.js: 0
[2012-12-27 17:30:29] EDIT sms_chimp/static/js/contact.js: 0
[2012-12-27 17:31:02] EDIT sms_chimp/static/js/contact.js: 0
[2012-12-27 17:31:05] EDIT sms_chimp/static/js/contact.js: 0
[2012-12-27 17:31:08] EDIT sms_chimp/static/js/contact.js: 0
[2012-12-27 17:31:08] EDIT sms_chimp/static/js/contact.js: 0
[2012-12-27 17:32:39] EDIT sms_chimp/static/js/contact.js: 0
[2012-12-27 17:33:06] EDIT sms_chimp/static/js/contact.js: 0
[2012-12-27 17:34:18] EDIT sms_chimp/static/js/contact.js: 0
[2012-12-27 17:34:27] EDIT sms_chimp/static/js/contact.js: 0
[2012-12-27 17:34:35] EDIT sms_chimp/static/js/contact.js: 0
[2012-12-27 17:34:43] EDIT sms_chimp/static/js/contact.js: 0
[2012-12-27 17:35:14] EDIT sms_chimp/static/js/contact.js: 0
[2012-12-27 17:36:28] EDIT sms_chimp/static/js/contact.js: 0
[2012-12-27 17:37:06] EDIT sms_chimp/static/js/contact.js: 0
[2012-12-27 17:37:10] EDIT sms_chimp/static/js/contact.js: 0
[2012-12-27 17:37:51] EDIT sms_chimp/static/js/contact.js: 0
[2012-12-27 17:38:10] EDIT sms_chimp/static/js/contact.js: 0
[2012-12-27 17:38:46] EDIT sms_chimp/static/js/contact.js: 0
[2012-12-27 17:39:58] EDIT sms_chimp/static/js/contact.js: 0
[2012-12-27 17:40:30] EDIT sms_chimp/static/js/contact.js: 0
[2012-12-27 17:41:20] EDIT sms_chimp/static/js/contact.js: 0
[2012-12-27 17:41:44] EDIT sms_chimp/static/js/contact.js: 5
[2012-12-27 17:42:08] EDIT sms_chimp/static/js/contact.js: 1
[2012-12-27 17:42:44] EDIT sms_chimp/controllers/default.py: 1
[2012-12-27 17:43:00] EDIT sms_chimp/controllers/default.py: 1
[2012-12-27 17:45:53] EDIT sms_chimp/static/js/contact.js: 0
[2012-12-27 17:47:33] EDIT sms_chimp/controllers/default.py: 4
[2012-12-27 17:52:11] EDIT sms_chimp/controllers/default.py: 3
[2012-12-27 17:52:36] EDIT sms_chimp/controllers/default.py: 0
[2012-12-27 17:54:38] EDIT sms_chimp/controllers/default.py: 6
[2012-12-27 17:54:58] EDIT sms_chimp/controllers/default.py: 0
[2012-12-27 17:55:20] EDIT sms_chimp/controllers/default.py: 0
[2012-12-27 17:56:23] EDIT sms_chimp/controllers/default.py: 0
[2012-12-27 17:57:15] EDIT sms_chimp/static/js/contact.js: 1
[2012-12-27 17:58:37] EDIT sms_chimp/controllers/default.py: 0
[2012-12-27 18:00:38] EDIT sms_chimp/static/js/contact.js: 5
[2012-12-27 18:00:38] EDIT sms_chimp/static/js/contact.js: 0
[2012-12-27 18:00:55] EDIT sms_chimp/static/js/contact.js: 1
[2012-12-27 18:01:15] EDIT sms_chimp/static/js/contact.js: 1
[2012-12-27 18:01:15] EDIT sms_chimp/static/js/contact.js: 0
[2012-12-27 18:01:16] EDIT sms_chimp/static/js/contact.js: 0
[2012-12-27 18:01:16] EDIT sms_chimp/static/js/contact.js: 0
[2012-12-27 18:01:21] EDIT sms_chimp/static/js/contact.js: 0
[2012-12-27 18:02:29] EDIT sms_chimp/controllers/default.py: 1
[2012-12-27 18:04:13] EDIT sms_chimp/static/js/contact.js: 0
[2012-12-27 18:04:20] EDIT sms_chimp/controllers/default.py: 0
[2013-01-02 10:30:59] EDIT sms_chimp/static/js/contact.js: 17
[2013-01-02 10:31:50] EDIT sms_chimp/static/js/contact.js: 7
[2013-01-02 10:39:32] EDIT sms_chimp/controllers/default.py: 6
[2013-01-02 10:39:51] EDIT sms_chimp/controllers/default.py: 0
[2013-01-02 10:40:09] EDIT sms_chimp/controllers/default.py: 3
[2013-01-02 10:40:35] EDIT sms_chimp/static/js/contact.js: 2
[2013-01-02 10:43:20] EDIT sms_chimp/static/js/contact.js: -10
[2013-01-02 10:44:53] EDIT sms_chimp/controllers/default.py: 0
[2013-01-02 10:48:13] EDIT sms_chimp/controllers/default.py: 3
[2013-01-02 10:48:47] EDIT sms_chimp/controllers/default.py: 0
[2013-01-02 10:49:16] EDIT sms_chimp/controllers/default.py: 0
[2013-01-02 10:50:21] EDIT sms_chimp/controllers/default.py: 1
[2013-01-02 10:51:03] EDIT sms_chimp/controllers/default.py: -1
[2013-01-02 10:52:10] EDIT sms_chimp/controllers/default.py: 0
[2013-01-02 11:00:36] EDIT sms_chimp/controllers/default.py: 1
[2013-01-02 11:00:41] EDIT sms_chimp/controllers/default.py: 0
[2013-01-02 11:01:13] EDIT sms_chimp/controllers/default.py: 0
[2013-01-02 11:01:18] EDIT sms_chimp/controllers/default.py: 0
[2013-01-02 11:02:18] EDIT sms_chimp/static/js/contact.js: 1
[2013-01-02 11:02:22] EDIT sms_chimp/static/js/contact.js: -7
[2013-01-02 11:02:51] EDIT sms_chimp/static/js/contact.js: 6
[2013-01-02 11:04:00] EDIT sms_chimp/static/js/contact.js: -6
[2013-01-02 11:04:07] EDIT sms_chimp/controllers/default.py: 0
[2013-01-02 11:04:34] EDIT sms_chimp/static/js/contact.js: 0
[2013-01-02 11:04:39] EDIT sms_chimp/static/js/contact.js: 0
[2013-01-02 11:05:00] EDIT sms_chimp/static/js/contact.js: 0
[2013-01-02 11:05:01] EDIT sms_chimp/static/js/contact.js: 0
[2013-01-02 11:05:43] EDIT sms_chimp/controllers/default.py: 0
[2013-01-02 11:07:13] EDIT sms_chimp/controllers/default.py: 0
[2013-01-02 11:09:52] EDIT sms_chimp/controllers/default.py: 3
[2013-01-02 11:10:40] EDIT sms_chimp/controllers/default.py: 0
[2013-01-02 11:12:04] EDIT sms_chimp/controllers/default.py: -3
[2013-01-02 11:19:58] EDIT sms_chimp/controllers/default.py: 1
[2013-01-02 11:20:19] EDIT sms_chimp/controllers/default.py: 2
[2013-01-02 11:22:09] EDIT sms_chimp/controllers/default.py: -1
[2013-01-02 11:22:13] EDIT sms_chimp/controllers/default.py: 1
[2013-01-02 11:23:55] EDIT sms_chimp/controllers/default.py: -2
[2013-01-02 11:24:02] EDIT sms_chimp/controllers/default.py: 0
[2013-01-02 11:24:29] EDIT sms_chimp/controllers/default.py: 0
[2013-01-02 11:24:29] EDIT sms_chimp/controllers/default.py: 0
[2013-01-02 11:26:40] EDIT sms_chimp/controllers/default.py: 0
[2013-01-02 11:26:44] EDIT sms_chimp/controllers/default.py: 0
[2013-01-02 11:30:11] EDIT sms_chimp/controllers/default.py: -8
[2013-01-02 11:30:17] EDIT sms_chimp/controllers/default.py: 8
[2013-01-02 11:30:19] EDIT sms_chimp/controllers/default.py: -9
[2013-01-02 11:31:50] EDIT sms_chimp/controllers/default.py: 8
[2013-01-02 11:32:07] EDIT sms_chimp/controllers/default.py: -8
[2013-01-02 11:33:12] EDIT sms_chimp/controllers/default.py: -1
[2013-01-02 11:33:13] EDIT sms_chimp/controllers/default.py: 0
[2013-01-02 11:33:14] EDIT sms_chimp/controllers/default.py: 0
[2013-01-02 11:33:14] EDIT sms_chimp/controllers/default.py: 0
[2013-01-02 11:33:14] EDIT sms_chimp/controllers/default.py: 0
[2013-01-02 11:33:14] EDIT sms_chimp/controllers/default.py: 0
[2013-01-02 11:33:34] EDIT sms_chimp/controllers/default.py: 9
[2013-01-02 11:34:09] EDIT sms_chimp/controllers/default.py: -1
[2013-01-02 11:35:11] EDIT sms_chimp/controllers/default.py: 1
[2013-01-02 11:38:55] EDIT sms_chimp/controllers/default.py: 0
[2013-01-02 11:39:10] EDIT sms_chimp/controllers/default.py: 2
[2013-01-02 11:39:52] EDIT sms_chimp/controllers/default.py: -1
[2013-01-02 11:41:12] EDIT sms_chimp/controllers/default.py: 0
[2013-01-02 11:43:10] EDIT sms_chimp/controllers/default.py: 1
[2013-01-02 11:44:46] EDIT sms_chimp/controllers/default.py: 0
[2013-01-02 11:45:01] EDIT sms_chimp/controllers/default.py: 0
[2013-01-02 11:46:22] EDIT sms_chimp/controllers/default.py: 1
[2013-01-02 11:46:29] EDIT sms_chimp/controllers/default.py: 0
[2013-01-02 11:49:11] EDIT sms_chimp/controllers/default.py: 0
[2013-01-02 11:49:29] EDIT sms_chimp/controllers/default.py: 0
[2013-01-02 11:51:19] EDIT sms_chimp/controllers/default.py: 0
[2013-01-02 11:53:46] EDIT sms_chimp/controllers/default.py: 4
[2013-01-02 11:53:52] EDIT sms_chimp/controllers/default.py: 0
[2013-01-02 11:53:58] EDIT sms_chimp/controllers/default.py: 0
[2013-01-02 11:54:28] EDIT sms_chimp/controllers/default.py: -2
[2013-01-02 11:54:36] EDIT sms_chimp/controllers/default.py: 0
[2013-01-02 11:55:52] EDIT sms_chimp/controllers/default.py: -1
[2013-01-02 11:57:16] EDIT sms_chimp/controllers/default.py: 2
[2013-01-02 11:57:37] EDIT sms_chimp/controllers/default.py: 0
[2013-01-02 11:57:37] EDIT sms_chimp/controllers/default.py: 0
[2013-01-02 11:58:07] EDIT sms_chimp/controllers/default.py: 0
[2013-01-02 12:00:10] EDIT sms_chimp/controllers/default.py: 0
[2013-01-02 12:00:15] EDIT sms_chimp/controllers/default.py: 0
[2013-01-02 12:00:51] EDIT sms_chimp/controllers/default.py: 1
[2013-01-02 12:01:13] EDIT sms_chimp/controllers/default.py: 0
[2013-01-02 12:01:17] EDIT sms_chimp/controllers/default.py: 0
[2013-01-02 12:01:17] EDIT sms_chimp/controllers/default.py: 0
[2013-01-02 12:01:50] EDIT sms_chimp/controllers/default.py: 1
[2013-01-02 12:01:57] EDIT sms_chimp/controllers/default.py: 0
[2013-01-02 12:02:32] EDIT sms_chimp/controllers/default.py: 0
[2013-01-02 12:03:02] EDIT sms_chimp/controllers/default.py: -2
[2013-01-02 13:30:29] EDIT sms_chimp/static/js/contact.js: 170
[2013-01-02 13:31:02] EDIT sms_chimp/controllers/default.py: 0
[2013-01-02 13:31:22] EDIT sms_chimp/static/js/contact.js: 0
[2013-01-02 13:32:43] EDIT sms_chimp/static/js/contact.js: -160
[2013-01-02 13:33:23] EDIT sms_chimp/static/js/contact.js: -10
[2013-01-02 13:49:55] EDIT sms_chimp/views/web2py_ajax.html: 1
[2013-01-02 13:52:22] EDIT sms_chimp/static/js/contact.js: 9
[2013-01-02 13:52:33] EDIT sms_chimp/static/js/contact.js: 0
[2013-01-02 13:52:51] EDIT sms_chimp/static/js/contact.js: 0
[2013-01-02 13:53:03] EDIT sms_chimp/static/js/contact.js: 0
[2013-01-02 13:54:57] EDIT sms_chimp/controllers/default.py: 2
[2013-01-02 13:56:37] EDIT sms_chimp/controllers/default.py: 2
[2013-01-02 13:57:00] EDIT sms_chimp/static/js/contact.js: 0
[2013-01-02 13:57:17] EDIT sms_chimp/static/js/contact.js: 1
[2013-01-02 14:00:01] EDIT sms_chimp/controllers/default.py: 0
[2013-01-02 14:00:53] EDIT sms_chimp/static/js/contact.js: 1
[2013-01-02 14:02:58] EDIT sms_chimp/static/js/contact.js: -2
[2013-01-02 14:03:10] EDIT sms_chimp/static/js/contact.js: 1
[2013-01-02 14:03:15] EDIT sms_chimp/static/js/contact.js: 0
[2013-01-02 14:03:40] EDIT sms_chimp/static/js/contact.js: 0
[2013-01-02 14:05:05] EDIT sms_chimp/controllers/default.py: 0
[2013-01-02 14:05:21] EDIT sms_chimp/controllers/default.py: 0
[2013-01-02 14:07:04] EDIT sms_chimp/controllers/default.py: 0
[2013-01-02 14:07:22] EDIT sms_chimp/controllers/default.py: 0
[2013-01-02 14:07:31] EDIT sms_chimp/controllers/default.py: 0
[2013-01-02 14:07:36] EDIT sms_chimp/controllers/default.py: 0
[2013-01-02 14:08:15] EDIT sms_chimp/controllers/default.py: 0
[2013-01-02 14:08:36] EDIT sms_chimp/controllers/default.py: 0
[2013-01-02 14:09:43] EDIT sms_chimp/controllers/default.py: 1
[2013-01-02 14:10:00] EDIT sms_chimp/controllers/default.py: 0
[2013-01-02 14:15:12] EDIT sms_chimp/static/js/contact.js: 0
[2013-01-02 14:15:53] EDIT sms_chimp/static/js/contact.js: 1
[2013-01-02 14:15:58] EDIT sms_chimp/static/js/contact.js: -1
[2013-01-02 14:16:26] EDIT sms_chimp/static/js/contact.js: 0
[2013-01-02 14:26:55] EDIT sms_chimp/controllers/default.py: 1
[2013-01-02 14:27:52] EDIT sms_chimp/static/js/contact.js: 0
[2013-01-02 14:28:33] EDIT sms_chimp/static/js/contact.js: 0
[2013-01-02 14:29:04] EDIT sms_chimp/controllers/default.py: -1
[2013-01-02 14:29:24] EDIT sms_chimp/controllers/default.py: 1
[2013-01-02 14:30:36] EDIT sms_chimp/static/js/contact.js: 2
[2013-01-02 14:32:29] CREATE contact_management.py: 0
[2013-01-02 14:33:15] EDIT sms_chimp/controllers/contact_management.py: 13
[2013-01-02 14:34:43] EDIT sms_chimp/controllers/contact_management.py: 12
[2013-01-02 14:35:11] EDIT sms_chimp/controllers/contact_management.py: 0
[2013-01-02 14:35:46] EDIT sms_chimp/controllers/contact_management.py: 0
[2013-01-02 14:35:48] EDIT sms_chimp/controllers/contact_management.py: 0
[2013-01-02 14:55:36] EDIT sms_chimp/controllers/contact_management.py: 0
[2013-01-02 15:00:51] EDIT sms_chimp/controllers/contact_management.py: 49
[2013-01-02 15:01:12] EDIT sms_chimp/controllers/contact_management.py: 0
[2013-01-02 15:08:18] EDIT sms_chimp/controllers/default.py: -73
[2013-01-02 15:08:21] EDIT sms_chimp/controllers/default.py: 0
[2013-01-02 15:09:04] EDIT sms_chimp/static/js/contact.js: 0
[2013-01-02 15:09:12] EDIT sms_chimp/static/js/contact.js: 0
[2013-01-02 15:09:17] EDIT sms_chimp/static/js/contact.js: 0
[2013-01-02 15:09:24] EDIT sms_chimp/static/js/contact.js: 0
[2013-01-02 15:09:30] EDIT sms_chimp/static/js/contact.js: 0
[2013-01-02 15:10:44] CREATE contact_management/index.html: 0
[2013-01-02 15:10:47] EDIT sms_chimp/views/contact_management/index.html: 30
[2013-01-02 15:11:51] EDIT sms_chimp/static/js/contact.js: 0
[2013-01-02 15:13:28] EDIT sms_chimp/models/meny.py: 0
[2013-01-02 15:15:55] DELETE sms_chimp/views/default/contact_management.html: -33
[2013-01-02 15:17:11] EDIT sms_chimp/views/contact_management/index.html: 0
[2013-01-02 15:20:30] CREATE sms.py: 0
[2013-01-03 10:18:14] EDIT sms_chimp/static/js/contact.js: 0
[2013-01-03 10:18:55] EDIT sms_chimp/static/js/contact.js: 0
[2013-01-03 10:20:59] EDIT sms_chimp/static/js/contact.js: 0
[2013-01-03 10:26:12] EDIT sms_chimp/static/js/contact.js: 0
[2013-01-03 15:23:39] EDIT sms_chimp/controllers/contact_management.py: 0
[2013-01-03 15:23:42] EDIT sms_chimp/controllers/contact_management.py: 0
[2013-01-03 15:23:49] EDIT sms_chimp/controllers/contact_management.py: 0
[2013-01-03 15:24:12] EDIT sms_chimp/controllers/contact_management.py: 0
[2013-01-03 15:24:29] EDIT sms_chimp/controllers/contact_management.py: 1
[2013-01-03 15:24:38] EDIT sms_chimp/controllers/contact_management.py: -1
[2013-01-03 15:55:46] EDIT sms_chimp/controllers/sms.py: 3
[2013-01-03 15:56:02] EDIT sms_chimp/controllers/sms.py: 0
[2013-01-03 15:56:12] EDIT sms_chimp/controllers/sms.py: 1
[2013-01-03 16:03:03] EDIT sms_chimp/controllers/sms.py: 3
[2013-01-03 16:09:18] EDIT sms_chimp/controllers/sms.py: 2
[2013-01-03 16:09:58] CREATE sms/index.html: 0
[2013-01-03 16:16:54] EDIT sms_chimp/views/sms/index.html: 8
[2013-01-03 16:18:09] EDIT sms_chimp/views/sms/index.html: 3
[2013-01-03 16:18:30] EDIT sms_chimp/controllers/sms.py: 0
[2013-01-03 16:28:19] EDIT sms_chimp/views/sms/index.html: 20
[2013-01-03 16:28:20] EDIT sms_chimp/views/sms/index.html: 0
[2013-01-03 16:28:24] EDIT sms_chimp/views/sms/index.html: 0
[2013-01-03 16:28:24] EDIT sms_chimp/views/sms/index.html: 0
[2013-01-03 16:28:34] EDIT sms_chimp/views/sms/index.html: 0
[2013-01-03 16:28:38] EDIT sms_chimp/views/sms/index.html: 0
[2013-01-03 16:29:00] EDIT sms_chimp/views/sms/index.html: -3
[2013-01-03 16:29:56] EDIT sms_chimp/views/sms/index.html: 1
[2013-01-03 16:30:36] EDIT sms_chimp/views/sms/index.html: 0
[2013-01-03 16:31:19] EDIT sms_chimp/views/sms/index.html: 0
[2013-01-03 16:31:23] EDIT sms_chimp/views/sms/index.html: 0
[2013-01-03 16:32:47] EDIT sms_chimp/views/sms/index.html: 0
[2013-01-03 16:35:11] EDIT sms_chimp/views/sms/index.html: 1
[2013-01-03 16:35:27] EDIT sms_chimp/views/sms/index.html: 0
[2013-01-03 16:36:54] EDIT sms_chimp/views/sms/index.html: 2
[2013-01-03 16:37:53] EDIT sms_chimp/views/sms/index.html: 3
[2013-01-03 16:38:06] EDIT sms_chimp/views/sms/index.html: 0
[2013-01-03 16:38:45] EDIT sms_chimp/views/sms/index.html: 0
[2013-01-03 16:38:49] EDIT sms_chimp/controllers/sms.py: 0
[2013-01-03 16:38:49] EDIT sms_chimp/controllers/sms.py: 0
[2013-01-03 16:38:57] EDIT sms_chimp/controllers/sms.py: 0
[2013-01-03 16:38:57] EDIT sms_chimp/controllers/sms.py: 0
[2013-01-03 16:40:17] EDIT sms_chimp/views/sms/index.html: 0
[2013-01-03 16:40:47] EDIT sms_chimp/controllers/sms.py: 0
[2013-01-03 16:42:23] EDIT sms_chimp/views/sms/index.html: -1
[2013-01-03 16:44:00] EDIT sms_chimp/controllers/sms.py: 0
[2013-01-03 16:44:31] EDIT sms_chimp/controllers/sms.py: 0
[2013-01-03 16:44:39] EDIT sms_chimp/controllers/sms.py: 0
[2013-01-03 16:45:17] EDIT sms_chimp/controllers/sms.py: 0
[2013-01-03 16:46:35] EDIT sms_chimp/controllers/sms.py: 0
[2013-01-03 16:53:06] EDIT sms_chimp/controllers/sms.py: 0
[2013-01-03 16:54:15] EDIT sms_chimp/controllers/sms.py: 1
[2013-01-03 16:54:42] EDIT sms_chimp/controllers/sms.py: 0
[2013-01-03 16:55:26] EDIT sms_chimp/controllers/sms.py: 0
[2013-01-03 16:56:08] EDIT sms_chimp/controllers/sms.py: 0
[2013-01-03 16:57:10] EDIT sms_chimp/controllers/sms.py: 0
[2013-01-03 17:05:29] EDIT sms_chimp/controllers/sms.py: 0
[2013-01-03 17:12:33] EDIT sms_chimp/controllers/sms.py: 1
[2013-01-03 17:13:01] EDIT sms_chimp/controllers/sms.py: 0
[2013-01-03 17:13:33] EDIT sms_chimp/controllers/sms.py: 0
[2013-01-03 17:15:06] EDIT sms_chimp/controllers/sms.py: 0
[2013-01-03 17:18:04] EDIT sms_chimp/controllers/sms.py: 0
[2013-01-03 17:18:54] EDIT sms_chimp/controllers/sms.py: 0
[2013-01-03 17:19:18] EDIT sms_chimp/controllers/sms.py: 0
[2013-01-03 17:22:34] EDIT sms_chimp/controllers/sms.py: 0
[2013-01-03 17:24:38] EDIT sms_chimp/controllers/sms.py: 0
[2013-01-03 17:25:25] EDIT sms_chimp/controllers/sms.py: 0
[2013-01-03 17:27:31] EDIT sms_chimp/views/sms/index.html: 1
[2013-01-03 17:28:13] EDIT sms_chimp/controllers/sms.py: 0
[2013-01-03 17:30:15] EDIT sms_chimp/views/sms/index.html: 0
[2013-01-03 17:33:30] EDIT sms_chimp/views/sms/index.html: 0
[2013-01-03 17:34:12] EDIT sms_chimp/controllers/default.py: 0
[2013-01-07 10:06:05] EDIT sms_chimp/controllers/sms.py: 0
[2013-01-07 10:07:00] EDIT sms_chimp/views/sms/index.html: 3
[2013-01-07 10:07:40] EDIT sms_chimp/controllers/sms.py: 0
[2013-01-07 10:09:33] EDIT sms_chimp/views/sms/index.html: 2
[2013-01-07 10:09:37] EDIT sms_chimp/views/sms/index.html: 1
[2013-01-07 10:09:40] EDIT sms_chimp/views/sms/index.html: 0
[2013-01-07 10:10:00] EDIT sms_chimp/views/sms/index.html: 0
[2013-01-07 10:10:26] EDIT sms_chimp/views/sms/index.html: 0
[2013-01-07 10:11:02] EDIT sms_chimp/controllers/sms.py: 0
[2013-01-07 10:14:43] EDIT sms_chimp/controllers/sms.py: 0
[2013-01-07 10:15:01] EDIT sms_chimp/controllers/sms.py: 0
[2013-01-07 10:27:17] EDIT sms_chimp/controllers/sms.py: -1
[2013-01-07 10:28:30] EDIT sms_chimp/views/sms/index.html: 4
[2013-01-07 10:29:42] EDIT sms_chimp/controllers/sms.py: -1
[2013-01-07 10:29:54] EDIT sms_chimp/controllers/sms.py: 2
[2013-01-07 10:42:17] EDIT sms_chimp/views/sms/index.html: 0
[2013-01-07 10:53:46] EDIT sms_chimp/models/db.py: 3
[2013-01-07 10:55:01] EDIT sms_chimp/models/db.py: 0
[2013-01-07 10:57:42] EDIT sms_chimp/controllers/sms.py: 1
[2013-01-07 10:58:09] EDIT sms_chimp/controllers/contact_management.py: 1
[2013-01-07 10:58:25] EDIT sms_chimp/controllers/contact_management.py: 1
[2013-01-07 10:58:29] EDIT sms_chimp/controllers/contact_management.py: 1
[2013-01-07 10:58:41] EDIT sms_chimp/controllers/contact_management.py: -2
[2013-01-07 11:00:59] EDIT sms_chimp/controllers/sms.py: 2
[2013-01-07 11:01:07] EDIT sms_chimp/controllers/sms.py: 1
[2013-01-07 11:01:55] EDIT sms_chimp/controllers/sms.py: 1
[2013-01-07 11:02:01] EDIT sms_chimp/controllers/sms.py: 0
[2013-01-07 11:02:18] EDIT sms_chimp/controllers/sms.py: 0
[2013-01-07 11:02:24] EDIT sms_chimp/controllers/sms.py: 0
[2013-01-07 11:03:08] EDIT sms_chimp/controllers/sms.py: 0
[2013-01-07 11:08:12] EDIT sms_chimp/controllers/sms.py: 0
[2013-01-07 11:09:25] EDIT sms_chimp/controllers/sms.py: 0
[2013-01-07 11:09:56] EDIT sms_chimp/views/sms/index.html: 0
[2013-01-07 11:10:20] EDIT sms_chimp/controllers/sms.py: 0
[2013-01-07 11:14:28] EDIT sms_chimp/controllers/sms.py: 0
[2013-01-07 11:15:13] EDIT sms_chimp/controllers/sms.py: 1
[2013-01-07 11:23:38] EDIT sms_chimp/controllers/sms.py: 2
[2013-01-07 11:26:00] EDIT sms_chimp/controllers/sms.py: 1
[2013-01-07 13:07:46] EDIT sms_chimp/controllers/sms.py: 3
[2013-01-07 13:07:48] EDIT sms_chimp/controllers/sms.py: 0
[2013-01-07 13:09:03] EDIT sms_chimp/controllers/sms.py: 0
[2013-01-07 13:09:10] EDIT sms_chimp/controllers/sms.py: 0
[2013-01-07 13:13:11] EDIT sms_chimp/controllers/sms.py: 0
[2013-01-07 13:14:05] EDIT sms_chimp/controllers/sms.py: 1
[2013-01-07 13:14:28] EDIT sms_chimp/controllers/sms.py: 0
[2013-01-07 13:15:18] EDIT sms_chimp/controllers/sms.py: 0
[2013-01-07 13:16:34] EDIT sms_chimp/views/sms/index.html: 0
[2013-01-07 13:17:48] EDIT sms_chimp/controllers/sms.py: 0
[2013-01-07 13:18:30] EDIT sms_chimp/controllers/sms.py: 0
[2013-01-07 13:18:50] EDIT sms_chimp/controllers/sms.py: 0
[2013-01-07 13:20:41] EDIT sms_chimp/controllers/sms.py: 0
[2013-01-07 13:21:01] EDIT sms_chimp/controllers/sms.py: 0
[2013-01-07 13:21:48] EDIT sms_chimp/controllers/sms.py: 1
[2013-01-07 13:25:05] EDIT sms_chimp/controllers/sms.py: 0
[2013-01-07 13:30:19] EDIT sms_chimp/controllers/sms.py: 3
[2013-01-07 13:30:24] EDIT sms_chimp/controllers/sms.py: 0
[2013-01-07 13:33:11] EDIT sms_chimp/controllers/sms.py: 2
[2013-01-07 13:33:31] EDIT sms_chimp/controllers/sms.py: 0
[2013-01-07 13:34:38] EDIT sms_chimp/controllers/sms.py: -1
[2013-01-07 13:34:58] EDIT sms_chimp/controllers/sms.py: 0
[2013-01-07 13:35:35] EDIT sms_chimp/controllers/sms.py: 0
[2013-01-08 09:15:46] EDIT sms_chimp/controllers/sms.py: 0
[2013-01-08 09:22:26] EDIT sms_chimp/models/db.py: 1
[2013-01-08 09:22:56] EDIT sms_chimp/models/db.py: 0
[2013-01-08 09:24:11] EDIT sms_chimp/models/db.py: 0
[2013-01-08 09:24:22] EDIT sms_chimp/models/db.py: 0
[2013-01-08 09:25:19] EDIT sms_chimp/models/db.py: 0
[2013-01-08 09:25:35] EDIT sms_chimp/models/db.py: 0
[2013-01-08 09:25:57] EDIT sms_chimp/models/db.py: 0
[2013-01-08 09:26:04] EDIT sms_chimp/models/db.py: 0
[2013-01-08 09:26:37] EDIT sms_chimp/models/db.py: 1
[2013-01-08 09:27:27] EDIT sms_chimp/controllers/contact_management.py: 0
[2013-01-08 09:28:13] EDIT sms_chimp/controllers/contact_management.py: 0
[2013-01-08 09:31:02] EDIT sms_chimp/controllers/contact_management.py: 0
[2013-01-08 09:34:29] EDIT sms_chimp/models/db.py: 0
[2013-01-08 09:34:36] EDIT sms_chimp/models/db.py: 0
[2013-01-08 09:38:23] EDIT sms_chimp/controllers/contact_management.py: 2
[2013-01-08 09:38:39] EDIT sms_chimp/controllers/contact_management.py: 0
[2013-01-08 09:42:04] EDIT sms_chimp/controllers/contact_management.py: 1
[2013-01-08 09:46:20] EDIT sms_chimp/controllers/contact_management.py: 3
[2013-01-08 09:50:57] EDIT sms_chimp/controllers/contact_management.py: 7
[2013-01-08 09:51:02] EDIT sms_chimp/controllers/contact_management.py: 0
[2013-01-08 09:53:15] EDIT sms_chimp/controllers/contact_management.py: 3
[2013-01-08 09:53:37] EDIT sms_chimp/controllers/contact_management.py: -6
[2013-01-08 09:54:47] EDIT sms_chimp/controllers/contact_management.py: 2
[2013-01-08 09:58:26] EDIT sms_chimp/controllers/contact_management.py: 4
[2013-01-08 09:59:00] EDIT sms_chimp/controllers/contact_management.py: 1
[2013-01-08 09:59:12] EDIT sms_chimp/controllers/contact_management.py: 0
[2013-01-08 09:59:29] EDIT sms_chimp/controllers/contact_management.py: -9
[2013-01-08 10:00:53] EDIT sms_chimp/models/db.py: 0
[2013-01-08 10:04:05] EDIT sms_chimp/controllers/contact_management.py: 0
[2013-01-08 10:04:40] EDIT sms_chimp/controllers/contact_management.py: 0
[2013-01-08 10:04:50] EDIT sms_chimp/controllers/contact_management.py: 0
[2013-01-08 10:04:58] EDIT sms_chimp/controllers/contact_management.py: 0
[2013-01-08 10:05:37] EDIT sms_chimp/controllers/contact_management.py: 0
[2013-01-08 10:08:45] EDIT sms_chimp/controllers/contact_management.py: 0
[2013-01-08 10:11:37] EDIT sms_chimp/controllers/contact_management.py: 0
[2013-01-08 10:12:31] EDIT sms_chimp/controllers/contact_management.py: 0
[2013-01-08 10:13:05] EDIT sms_chimp/controllers/contact_management.py: 0
[2013-01-08 10:13:26] EDIT sms_chimp/controllers/contact_management.py: 0
[2013-01-08 10:16:53] EDIT sms_chimp/controllers/contact_management.py: -3
[2013-01-08 10:17:10] EDIT sms_chimp/controllers/contact_management.py: -15
[2013-01-08 10:17:22] EDIT sms_chimp/controllers/contact_management.py: 15
[2013-01-08 10:18:54] EDIT sms_chimp/controllers/contact_management.py: 0
[2013-01-08 10:19:42] EDIT sms_chimp/controllers/contact_management.py: 0
[2013-01-08 10:20:35] EDIT sms_chimp/controllers/contact_management.py: 0
[2013-01-08 10:27:12] EDIT sms_chimp/models/db.py: 0
[2013-01-08 10:27:28] EDIT sms_chimp/models/db.py: 0
[2013-01-08 10:27:57] EDIT sms_chimp/models/db.py: -1
[2013-01-08 10:31:53] EDIT sms_chimp/controllers/contact_management.py: 0
[2013-01-08 10:35:32] EDIT sms_chimp/controllers/contact_management.py: 0
[2013-01-08 10:37:09] EDIT sms_chimp/controllers/contact_management.py: 0
[2013-01-08 10:37:20] EDIT sms_chimp/controllers/contact_management.py: 0
[2013-01-08 10:38:19] EDIT sms_chimp/controllers/contact_management.py: 0
[2013-01-08 10:40:26] EDIT sms_chimp/controllers/contact_management.py: -1
[2013-01-08 10:41:36] EDIT sms_chimp/controllers/contact_management.py: -3
[2013-01-08 10:42:53] EDIT sms_chimp/controllers/contact_management.py: 2
[2013-01-08 10:43:04] EDIT sms_chimp/controllers/contact_management.py: 0
[2013-01-08 10:43:38] EDIT sms_chimp/controllers/contact_management.py: 0
[2013-01-08 10:44:18] EDIT sms_chimp/controllers/contact_management.py: 0
[2013-01-08 10:44:31] EDIT sms_chimp/controllers/contact_management.py: 0
[2013-01-08 10:44:31] EDIT sms_chimp/controllers/contact_management.py: 0
[2013-01-08 10:45:42] EDIT sms_chimp/controllers/contact_management.py: 0
[2013-01-08 10:47:14] EDIT sms_chimp/controllers/contact_management.py: 0
[2013-01-08 10:47:35] EDIT sms_chimp/controllers/contact_management.py: 0
[2013-01-08 10:47:58] EDIT sms_chimp/controllers/contact_management.py: 0
[2013-01-08 10:48:24] EDIT sms_chimp/controllers/contact_management.py: 0
[2013-01-08 10:48:38] EDIT sms_chimp/controllers/contact_management.py: 0
[2013-01-08 10:48:55] EDIT sms_chimp/controllers/contact_management.py: 0
[2013-01-08 10:49:52] EDIT sms_chimp/controllers/contact_management.py: 0
[2013-01-08 10:50:41] EDIT sms_chimp/controllers/sms.py: 0
[2013-01-08 10:51:01] EDIT sms_chimp/controllers/sms.py: 0
[2013-01-08 10:52:26] EDIT sms_chimp/controllers/sms.py: 0
[2013-01-08 10:52:48] EDIT sms_chimp/controllers/default.py: 0
[2013-01-08 10:55:06] EDIT sms_chimp/models/meny.py: 1
[2013-01-08 10:55:19] EDIT sms_chimp/models/meny.py: 0
[2013-01-08 10:55:32] EDIT sms_chimp/models/meny.py: 0
[2013-01-08 10:55:53] EDIT sms_chimp/models/meny.py: 0
[2013-01-08 10:55:57] EDIT sms_chimp/models/meny.py: 0
[2013-01-08 10:57:12] EDIT sms_chimp/controllers/default.py: 1
[2013-01-08 10:58:50] EDIT sms_chimp/controllers/default.py: -1
[2013-01-08 11:04:37] EDIT sms_chimp/views/default/index.html: -29
[2013-01-08 11:53:56] EDIT sms_chimp/models/db.py: 0
[2013-01-08 13:44:39] EDIT sms_chimp/controllers/sms.py: 1
[2013-01-08 13:46:24] EDIT sms_chimp/controllers/sms.py: 3
[2013-01-08 13:46:45] EDIT sms_chimp/controllers/sms.py: -3
[2013-01-08 13:47:12] EDIT sms_chimp/controllers/sms.py: 0
[2013-01-08 13:50:22] EDIT sms_chimp/controllers/sms.py: 0
[2013-01-08 13:50:40] EDIT sms_chimp/controllers/sms.py: 0
[2013-01-08 13:53:51] EDIT sms_chimp/controllers/sms.py: 0
[2013-01-08 13:55:27] EDIT sms_chimp/controllers/sms.py: 4
[2013-01-08 13:55:34] EDIT sms_chimp/controllers/sms.py: 0
[2013-01-08 13:55:49] EDIT sms_chimp/controllers/sms.py: 0
[2013-01-08 13:59:46] EDIT sms_chimp/controllers/sms.py: 1
[2013-01-08 13:59:57] EDIT sms_chimp/controllers/sms.py: 0
[2013-01-08 14:06:14] EDIT sms_chimp/controllers/sms.py: 0
[2013-01-08 14:09:32] EDIT sms_chimp/controllers/sms.py: 0
